Nov 19, 2021 9:33:18 AM registry.Logging logging
INFO: New service registered: test localhost:8000
Nov 23, 2021 2:14:49 PM registry.Logging logging
INFO: New service registered: test localhost:8000
Apr 06, 2022 5:37:16 PM registry.Logging logging
INFO: New service registered: test localhost:8000
7月 03, 2022 12:32:52 下午 registry.Logging logging
信息: New service registered: test localhost:8000
7月 03, 2022 12:44:57 下午 registry.Logging logging
信息: New service registered: test localhost:8000
7月 03, 2022 12:45:54 下午 registry.Logging logging
信息: New service registered: test localhost:8000
7月 03, 2022 12:46:48 下午 registry.Logging logging
信息: New service registered: test localhost:8000
7月 03, 2022 5:48:28 下午 registry.Logging logging
信息: New service registered: test localhost:8000
7月 05, 2022 2:33:58 上午 registry.Logging logging
信息: New service registered: myNode localhost:8000
7月 05, 2022 7:14:19 上午 registry.Logging logging
信息: New service registered: myNode localhost:8000
7月 05, 2022 7:15:29 上午 registry.Logging logging
信息: New service registered: myNode localhost:7001
7月 05, 2022 7:15:53 上午 registry.Logging logging
信息: New service registered: myNode localhost:7000
7月 05, 2022 9:47:01 上午 registry.Logging logging
信息: New service registered: myNode localhost:7000
7月 05, 2022 9:47:34 上午 registry.Logging logging
信息: New service registered: myNode localhost:7001
7月 05, 2022 12:14:54 下午 registry.Logging logging
信息: New service registered: myNode localhost:7000
7月 05, 2022 12:15:24 下午 registry.Logging logging
信息: New service registered: myNode localhost:7001
Jul 07, 2022 5:01:12 AM registry.Logging logging
INFO: New service registered: myNode localhost:7000
Jul 07, 2022 5:01:44 AM registry.Logging logging
INFO: New service registered: myNode localhost:7001
Jul 07, 2022 2:04:12 PM registry.Logging logging
INFO: New service registered: myNode localhost:7000
Jul 08, 2022 1:15:06 AM registry.Logging logging
INFO: New service registered: myNode localhost:7000
Jul 08, 2022 1:15:38 AM registry.Logging logging
INFO: New service registered: myNode localhost:7001
Jul 08, 2022 1:24:35 AM registry.Logging logging
INFO: New service registered: myNode localhost:7000
Jul 08, 2022 1:30:10 AM registry.Logging logging
INFO: New service registered: myNode localhost:7000
Jul 08, 2022 1:30:49 AM registry.Logging logging
INFO: New service registered: myNode localhost:7001
Jul 08, 2022 1:32:20 AM registry.Logging logging
INFO: New service registered: myNode localhost:7000
Jul 08, 2022 1:32:54 AM registry.Logging logging
INFO: New service registered: myNode localhost:7001
Jul 08, 2022 2:45:41 AM registry.Logging logging
INFO: New service registered: myNode localhost:7000
Jul 08, 2022 2:51:40 AM registry.Logging logging
INFO: New service registered: myNode localhost:7000
Jul 08, 2022 2:52:19 AM registry.Logging logging
INFO: New service registered: myNode localhost:7001
